build/app/intermediates/manifest_merge_blame_file/debug/manifest-merger-blame-debug-report.txt
1<?xml version="1.0" encoding="utf-8"?>
2<manifest xmlns:android="http://schemas.android.com/apk/res/android"
3    package="com.omuceng.dr_scanner"
4    android:versionCode="1"
5    android:versionName="1.0.0" >
6
7    <uses-sdk
8        android:minSdkVersion="21"
9        android:targetSdkVersion="28" />
10    <!--
11         Flutter needs it to communicate with the running application
12         to allow setting breakpoints, to provide hot reload, etc.
13    -->
14    <uses-permission android:name="android.permission.INTERNET" />
14-->src/debug/AndroidManifest.xml:6:5-66
14-->src/debug/AndroidManifest.xml:6:22-64
15    <uses-permission android:name="android.permission.CAMERA" />
15-->src/main/AndroidManifest.xml:4:5-65
15-->src/main/AndroidManifest.xml:4:22-62
16    <uses-permission android:name="android.permission.RECORD_AUDIO" />
16-->[:camera_android] AndroidManifest.xml:10:5-71
16-->[:camera_android] AndroidManifest.xml:10:22-68
17    <uses-permission android:name="android.permission.ACCESS_NETWORK_STATE" />
17-->[com.google.android.exoplayer:exoplayer-core:2.18.1] AndroidManifest.xml:24:5-79
17-->[com.google.android.exoplayer:exoplayer-core:2.18.1] AndroidManifest.xml:24:22-76
18    <!--
19 io.flutter.app.FlutterApplication is an android.app.Application that
20         calls FlutterMain.startInitialization(this); in its onCreate method.
21         In most cases you can leave this as-is, but you if you want to provide
22         additional functionality it is fine to subclass or reimplement
23         FlutterApplication and put your custom class here.
24    -->
25    <application
26        android:name="android.app.Application"
27        android:appComponentFactory="androidx.core.app.CoreComponentFactory"
27-->[androidx.core:core:1.8.0] AndroidManifest.xml:24:18-86
28        android:debuggable="true"
29        android:icon="@mipmap/ic_launcher"
30        android:label="DR Scanner" >
31        <activity
32            android:name="com.omuceng.dr_scanner.MainActivity"
33            android:configChanges="orientation|keyboardHidden|keyboard|screenSize|smallestScreenSize|locale|layoutDirection|fontScale|screenLayout|density|uiMode"
34            android:hardwareAccelerated="true"
35            android:launchMode="singleTop"
36            android:theme="@style/LaunchTheme"
37            android:windowSoftInputMode="adjustResize" >
38            <intent-filter>
39                <action android:name="android.intent.action.MAIN" />
40
41                <category android:name="android.intent.category.LAUNCHER" />
42            </intent-filter>
43        </activity>
44        <!--
45             Don't delete the meta-data below.
46             This is used by the Flutter tool to generate GeneratedPluginRegistrant.java
47        -->
48        <meta-data
49            android:name="flutterEmbedding"
50            android:value="2" />
51
52        <provider
52-->[:image_picker_android] AndroidManifest.xml:8:9-16:20
53            android:name="io.flutter.plugins.imagepicker.ImagePickerFileProvider"
53-->[:image_picker_android] AndroidManifest.xml:9:13-82
54            android:authorities="com.omuceng.dr_scanner.flutter.image_provider"
54-->[:image_picker_android] AndroidManifest.xml:10:13-74
55            android:exported="false"
55-->[:image_picker_android] AndroidManifest.xml:11:13-37
56            android:grantUriPermissions="true" >
56-->[:image_picker_android] AndroidManifest.xml:12:13-47
57            <meta-data
57-->[:image_picker_android] AndroidManifest.xml:13:13-15:75
58                android:name="android.support.FILE_PROVIDER_PATHS"
58-->[:image_picker_android] AndroidManifest.xml:14:17-67
59                android:resource="@xml/flutter_image_picker_file_paths" />
59-->[:image_picker_android] AndroidManifest.xml:15:17-72
60        </provider>
61
62        <uses-library
62-->[androidx.window:window:1.0.0-beta04] AndroidManifest.xml:25:9-27:40
63            android:name="androidx.window.extensions"
63-->[androidx.window:window:1.0.0-beta04] AndroidManifest.xml:26:13-54
64            android:required="false" />
64-->[androidx.window:window:1.0.0-beta04] AndroidManifest.xml:27:13-37
65        <uses-library
65-->[androidx.window:window:1.0.0-beta04] AndroidManifest.xml:28:9-30:40
66            android:name="androidx.window.sidecar"
66-->[androidx.window:window:1.0.0-beta04] AndroidManifest.xml:29:13-51
67            android:required="false" />
67-->[androidx.window:window:1.0.0-beta04] AndroidManifest.xml:30:13-37
68    </application>
69
70</manifest>